c:\users\yeti\documents\visual studio 2013\projects\floorplandemo\floorplandemo\debug\vc120.pdb
c:\users\yeti\documents\visual studio 2013\projects\floorplandemo\floorplandemo\debug\vc120.idb
c:\users\yeti\documents\visual studio 2013\projects\floorplandemo\floorplandemo\debug\test.obj
c:\users\yeti\documents\visual studio 2013\projects\floorplandemo\floorplandemo\debug\imageprocess.obj
c:\users\yeti\documents\visual studio 2013\projects\floorplandemo\floorplandemo\debug\opengl.obj
c:\users\yeti\documents\visual studio 2013\projects\floorplandemo\debug\floorplandemo.ilk
c:\users\yeti\documents\visual studio 2013\projects\floorplandemo\debug\floorplandemo.exe
c:\users\yeti\documents\visual studio 2013\projects\floorplandemo\debug\floorplandemo.pdb
c:\vsworkspace\floorplandemo\floorplandemo\debug\imageprocess.obj
c:\vsworkspace\floorplandemo\floorplandemo\debug\opengl.obj
c:\vsworkspace\floorplandemo\floorplandemo\debug\test.obj
c:\vsworkspace\floorplandemo\floorplandemo\debug\vc120.idb
c:\vsworkspace\floorplandemo\floorplandemo\debug\vc120.pdb
c:\vsworkspace\floorplandemo\debug\floorplandemo.pdb
c:\vsworkspace\floorplandemo\debug\floorplandemo.exe
c:\vsworkspace\floorplandemo\debug\floorplandemo.ilk
c:\vsworkspace\floorplandemo\floorplandemo\debug\floorplandemo.tlog\cl.command.1.tlog
c:\vsworkspace\floorplandemo\floorplandemo\debug\floorplandemo.tlog\cl.read.1.tlog
c:\vsworkspace\floorplandemo\floorplandemo\debug\floorplandemo.tlog\cl.write.1.tlog
c:\vsworkspace\floorplandemo\floorplandemo\debug\floorplandemo.tlog\link.command.1.tlog
c:\vsworkspace\floorplandemo\floorplandemo\debug\floorplandemo.tlog\link.read.1.tlog
c:\vsworkspace\floorplandemo\floorplandemo\debug\floorplandemo.tlog\link.write.1.tlog
