Build started 3/11/2015 1:18:23 PM.
     1>Project "E:\Github\Git_local\FloorPlanDemo\FloorPlanDemo\FloorPlanDemo.vcxproj" on node 2 (Build target(s)).
     1>ClCompile:
         C:\Program Files (x86)\Microsoft Visual Studio 12.0\VC\bin\CL.exe /c /ZI /nologo /W3 /WX- /sdl /Od /Oy- /D WIN32 /D _DEBUG /D _CONSOLE /D _LIB /D _UNICODE /D UNICODE /Gm /EHsc /RTC1 /MDd /GS /fp:precise /Zc:wchar_t /Zc:forScope /Fo"Debug\\" /Fd"Debug\vc120.pdb" /Gd /TP /analyze- /errorReport:prompt imageProcess.cpp openGLDemo.cpp
         openGLDemo.cpp
     1>e:\github\git_local\floorplandemo\floorplandemo\opengldemo.h(31): warning C4005: 'PI' : macro redefinition
                 e:\github\git_local\floorplandemo\floorplandemo\imageprocess.h(17) : see previous definition of 'PI'
     1>e:\github\git_local\floorplandemo\floorplandemo\opengldemo.cpp(287): warning C4018: '<' : signed/unsigned mismatch
     1>e:\github\git_local\floorplandemo\floorplandemo\opengldemo.cpp(288): warning C4018: '<' : signed/unsigned mismatch
     1>e:\github\git_local\floorplandemo\floorplandemo\opengldemo.cpp(297): warning C4018: '<' : signed/unsigned mismatch
     1>e:\github\git_local\floorplandemo\floorplandemo\opengldemo.cpp(299): warning C4018: '<' : signed/unsigned mismatch
     1>e:\github\git_local\floorplandemo\floorplandemo\opengldemo.cpp(316): warning C4018: '<' : signed/unsigned mismatch
     1>e:\github\git_local\floorplandemo\floorplandemo\opengldemo.cpp(317): warning C4018: '<' : signed/unsigned mismatch
         imageProcess.cpp
     1>e:\github\git_local\floorplandemo\floorplandemo\imageprocess.cpp(60): warning C4244: 'argument' : conversion from 'int' to 'float', possible loss of data
     1>e:\github\git_local\floorplandemo\floorplandemo\imageprocess.cpp(62): warning C4244: 'argument' : conversion from 'int' to 'float', possible loss of data
     1>e:\github\git_local\floorplandemo\floorplandemo\imageprocess.cpp(81): warning C4244: 'argument' : conversion from 'int' to 'float', possible loss of data
     1>e:\github\git_local\floorplandemo\floorplandemo\imageprocess.cpp(82): warning C4244: 'argument' : conversion from 'int' to 'float', possible loss of data
     1>e:\github\git_local\floorplandemo\floorplandemo\imageprocess.cpp(85): warning C4244: 'argument' : conversion from 'int' to 'float', possible loss of data
     1>e:\github\git_local\floorplandemo\floorplandemo\imageprocess.cpp(86): warning C4244: 'argument' : conversion from 'int' to 'float', possible loss of data
     1>e:\github\git_local\floorplandemo\floorplandemo\imageprocess.cpp(89): warning C4244: 'argument' : conversion from 'int' to 'float', possible loss of data
     1>e:\github\git_local\floorplandemo\floorplandemo\imageprocess.cpp(90): warning C4244: 'argument' : conversion from 'int' to 'float', possible loss of data
     1>e:\github\git_local\floorplandemo\floorplandemo\imageprocess.cpp(102): warning C4244: '=' : conversion from 'int' to 'float', possible loss of data
     1>e:\github\git_local\floorplandemo\floorplandemo\imageprocess.cpp(105): warning C4244: 'initializing' : conversion from 'int' to 'float', possible loss of data
     1>e:\github\git_local\floorplandemo\floorplandemo\imageprocess.cpp(114): warning C4018: '<' : signed/unsigned mismatch
     1>e:\github\git_local\floorplandemo\floorplandemo\imageprocess.cpp(115): warning C4018: '<' : signed/unsigned mismatch
     1>e:\github\git_local\floorplandemo\floorplandemo\imageprocess.cpp(122): warning C4305: '=' : truncation from 'int' to 'float'
     1>e:\github\git_local\floorplandemo\floorplandemo\imageprocess.cpp(130): warning C4018: '<' : signed/unsigned mismatch
     1>e:\github\git_local\floorplandemo\floorplandemo\imageprocess.cpp(132): warning C4305: 'initializing' : truncation from 'int' to 'float'
     1>e:\github\git_local\floorplandemo\floorplandemo\imageprocess.cpp(134): warning C4018: '<' : signed/unsigned mismatch
     1>e:\github\git_local\floorplandemo\floorplandemo\imageprocess.cpp(143): warning C4244: 'initializing' : conversion from 'double' to 'float', possible loss of data
     1>e:\github\git_local\floorplandemo\floorplandemo\imageprocess.cpp(144): warning C4244: 'initializing' : conversion from 'double' to 'float', possible loss of data
     1>e:\github\git_local\floorplandemo\floorplandemo\imageprocess.cpp(155): warning C4018: '<' : signed/unsigned mismatch
     1>e:\github\git_local\floorplandemo\floorplandemo\imageprocess.cpp(167): warning C4018: '<' : signed/unsigned mismatch
     1>e:\github\git_local\floorplandemo\floorplandemo\imageprocess.cpp(168): warning C4018: '<' : signed/unsigned mismatch
     1>e:\github\git_local\floorplandemo\floorplandemo\imageprocess.cpp(185): warning C4018: '<' : signed/unsigned mismatch
     1>e:\github\git_local\floorplandemo\floorplandemo\imageprocess.cpp(191): warning C4244: 'argument' : conversion from 'float' to 'int', possible loss of data
     1>e:\github\git_local\floorplandemo\floorplandemo\imageprocess.cpp(219): warning C4018: '<' : signed/unsigned mismatch
     1>e:\github\git_local\floorplandemo\floorplandemo\imageprocess.cpp(225): warning C4018: '<' : signed/unsigned mismatch
         Generating Code...
       Link:
         C:\Program Files (x86)\Microsoft Visual Studio 12.0\VC\bin\link.exe /ERRORREPORT:PROMPT /OUT:"E:\Github\Git_local\FloorPlanDemo\Debug\FloorPlanDemo.exe" /INCREMENTAL /NOLOGO opencv_ml2410d.lib opencv_calib3d2410d.lib opencv_contrib2410d.lib opencv_core2410d.lib opencv_features2d2410d.lib opencv_flann2410d.lib opencv_gpu2410d.lib opencv_highgui2410d.lib opencv_imgproc2410d.lib opencv_legacy2410d.lib opencv_objdetect2410d.lib opencv_ts2410d.lib opencv_video2410d.lib opencv_nonfree2410d.lib opencv_ocl2410d.lib opencv_photo2410d.lib opencv_stitching2410d.lib opencv_superres2410d.lib opencv_videostab2410d.lib opencv_objdetect2410.lib opencv_ts2410.lib opencv_video2410.lib opencv_nonfree2410.lib opencv_ocl2410.lib opencv_photo2410.lib opencv_stitching2410.lib opencv_superres2410.lib opencv_videostab2410.lib opencv_calib3d2410.lib opencv_contrib2410.lib opencv_core2410.lib opencv_features2d2410.lib opencv_flann2410.lib opencv_gpu2410.lib opencv_highgui2410.lib opencv_imgproc2410.lib opencv_legacy2410.lib opencv_ml2410.lib kernel32.lib user32.lib gdi32.lib winspool.lib comdlg32.lib advapi32.lib shell32.lib ole32.lib oleaut32.lib uuid.lib odbc32.lib odbccp32.lib /MANIFEST /MANIFESTUAC:"level='asInvoker' uiAccess='false'" /manifest:embed /DEBUG /PDB:"E:\Github\Git_local\FloorPlanDemo\Debug\FloorPlanDemo.pdb" /SUBSYSTEM:CONSOLE /TLBID:1 /DYNAMICBASE /NXCOMPAT /IMPLIB:"E:\Github\Git_local\FloorPlanDemo\Debug\FloorPlanDemo.lib" /MACHINE:X86 Debug\openGLDemo.obj
         Debug\imageProcess.obj
         FloorPlanDemo.vcxproj -> E:\Github\Git_local\FloorPlanDemo\Debug\FloorPlanDemo.exe
     1>Done Building Project "E:\Github\Git_local\FloorPlanDemo\FloorPlanDemo\FloorPlanDemo.vcxproj" (Build target(s)).

Build succeeded.

Time Elapsed 00:00:01.90
